<?xml version="1.0" encoding="UTF-8"?>
<testsuite name="PingPongTest" tests="3" skipped="0" failures="0" errors="0" timestamp="2016-02-08T18:14:59" hostname="epicodus-50.local" time="0.002">
  <properties/>
  <testcase name="isPing_forNumberDivisibleByThree_true" classname="PingPongTest" time="0.002"/>
  <testcase name="isPingPong_forNumberDivisibleByFifteen_true" classname="PingPongTest" time="0.0"/>
  <testcase name="isPong_forNumberDivisibleByFive_true" classname="PingPongTest" time="0.0"/>
  <system-out><![CDATA[]]></system-out>
  <system-err><![CDATA[]]></system-err>
</testsuite>
