<?xml version="1.0" encoding="UTF-8"?>
<testsuite name="PingPongTest" tests="1" skipped="0" failures="0" errors="0" timestamp="2016-02-08T17:35:06" hostname="epicodus-50.local" time="0.001">
  <properties/>
  <testcase name="isPingPong_forNumberDivisibleByFifteen_true" classname="PingPongTest" time="0.001"/>
  <system-out><![CDATA[]]></system-out>
  <system-err><![CDATA[]]></system-err>
</testsuite>
